build/app/intermediates/manifest_merge_blame_file/debug/manifest-merger-blame-debug-report.txt
1<?xml version="1.0" encoding="utf-8"?>
2<manifest xmlns:android="http://schemas.android.com/apk/res/android"
3    package="com.bitsoft.youth"
4    android:versionCode="5"
5    android:versionName="1.0.2" >
6
7    <uses-sdk
8        android:minSdkVersion="21"
9        android:targetSdkVersion="30" />
10    <!--
11         Flutter needs it to communicate with the running application
12         to allow setting breakpoints, to provide hot reload, etc.
13    -->
14    <uses-permission android:name="android.permission.INTERNET" />
14-->src/main/AndroidManifest.xml:9:5-67
14-->src/main/AndroidManifest.xml:9:22-64
15    <uses-permission android:name="android.permission.ACCESS_FINE_LOCATION" />
15-->src/main/AndroidManifest.xml:10:5-79
15-->src/main/AndroidManifest.xml:10:22-76
16    <uses-permission android:name="android.permission.FLASHLIGHT" />
16-->src/main/AndroidManifest.xml:11:5-69
16-->src/main/AndroidManifest.xml:11:22-66
17    <uses-permission android:name="android.permission.CAMERA" />
17-->src/main/AndroidManifest.xml:12:5-65
17-->src/main/AndroidManifest.xml:12:22-62
18
19    <uses-feature android:name="android.hardware.camera" />
19-->src/main/AndroidManifest.xml:14:5-60
19-->src/main/AndroidManifest.xml:14:19-57
20    <uses-feature android:name="android.hardware.camera.autofocus" />
20-->src/main/AndroidManifest.xml:15:5-70
20-->src/main/AndroidManifest.xml:15:19-67
21    <uses-feature android:name="android.hardware.camera.flash" />
21-->src/main/AndroidManifest.xml:16:5-66
21-->src/main/AndroidManifest.xml:16:19-63
22
23    <uses-permission android:name="android.permission.VIBRATE" />
23-->src/main/AndroidManifest.xml:17:5-66
23-->src/main/AndroidManifest.xml:17:22-63
24    <uses-permission android:name="android.permission.USE_FINGERPRINT" />
24-->src/main/AndroidManifest.xml:19:5-74
24-->src/main/AndroidManifest.xml:19:22-71
25    <uses-permission android:name="android.permission.RECEIVE_BOOT_COMPLETED" />
25-->[:flutter_local_notifications] AndroidManifest.xml:7:5-81
25-->[:flutter_local_notifications] AndroidManifest.xml:7:22-78
26    <uses-permission android:name="android.permission.USE_FULL_SCREEN_INTENT" />
26-->[:flutter_local_notifications] AndroidManifest.xml:9:5-81
26-->[:flutter_local_notifications] AndroidManifest.xml:9:22-78
27    <uses-permission android:name="android.permission.USE_BIOMETRIC" />
27-->[androidx.biometric:biometric:1.0.0-beta01] AndroidManifest.xml:24:5-72
27-->[androidx.biometric:biometric:1.0.0-beta01] AndroidManifest.xml:24:22-69
28    <uses-permission android:name="android.permission.ACCESS_NETWORK_STATE" />
28-->[com.google.firebase:firebase-iid:21.0.0] AndroidManifest.xml:22:5-79
28-->[com.google.firebase:firebase-iid:21.0.0] AndroidManifest.xml:22:22-76
29    <uses-permission android:name="android.permission.WAKE_LOCK" /> <!-- Required by older versions of Google Play services to create IID tokens -->
29-->[com.google.firebase:firebase-iid:21.0.0] AndroidManifest.xml:24:5-68
29-->[com.google.firebase:firebase-iid:21.0.0] AndroidManifest.xml:24:22-65
30    <uses-permission android:name="com.google.android.c2dm.permission.RECEIVE" />
30-->[com.google.firebase:firebase-iid:21.0.0] AndroidManifest.xml:26:5-82
30-->[com.google.firebase:firebase-iid:21.0.0] AndroidManifest.xml:26:22-79
31
32    <application
32-->src/main/AndroidManifest.xml:21:5-102:19
33        android:name="io.flutter.app.FlutterApplication"
33-->src/main/AndroidManifest.xml:22:9-57
34        android:allowBackup="false"
34-->src/main/AndroidManifest.xml:23:9-36
35        android:appComponentFactory="androidx.core.app.CoreComponentFactory"
35-->[androidx.core:core:1.3.0] AndroidManifest.xml:24:18-86
36        android:debuggable="true"
37        android:fullBackupContent="false"
37-->src/main/AndroidManifest.xml:24:9-42
38        android:icon="@mipmap/launcher_icon"
38-->src/main/AndroidManifest.xml:25:9-45
39        android:label="Zaluu hun"
39-->src/main/AndroidManifest.xml:26:9-34
40        android:usesCleartextTraffic="true" >
40-->src/main/AndroidManifest.xml:27:9-44
41        <meta-data
41-->src/main/AndroidManifest.xml:29:9-31:55
42            android:name="com.google.firebase.messaging.default_notification_icon"
42-->src/main/AndroidManifest.xml:30:13-83
43            android:resource="@mipmap/ic_stat_icon" />
43-->src/main/AndroidManifest.xml:31:13-52
44        <meta-data
44-->src/main/AndroidManifest.xml:32:9-34:49
45            android:name="com.google.firebase.messaging.default_notification_color"
45-->src/main/AndroidManifest.xml:33:13-84
46            android:resource="@color/primary" />
46-->src/main/AndroidManifest.xml:34:13-46
47
48        <activity
48-->src/main/AndroidManifest.xml:36:9-73:20
49            android:name="com.bitsoft.youth.MainActivity"
49-->src/main/AndroidManifest.xml:37:13-41
50            android:configChanges="orientation|keyboardHidden|keyboard|screenSize|smallestScreenSize|screenLayout|locale|layoutDirection|fontScale|screenLayout|density|uiMode"
50-->src/main/AndroidManifest.xml:38:13-176
51            android:hardwareAccelerated="true"
51-->src/main/AndroidManifest.xml:39:13-47
52            android:launchMode="singleTop"
52-->src/main/AndroidManifest.xml:40:13-43
53            android:resizeableActivity="true"
53-->src/main/AndroidManifest.xml:44:13-46
54            android:showWhenLocked="true"
54-->src/main/AndroidManifest.xml:42:13-42
55            android:supportsPictureInPicture="true"
55-->src/main/AndroidManifest.xml:45:13-52
56            android:theme="@style/LaunchTheme"
56-->src/main/AndroidManifest.xml:41:13-47
57            android:turnScreenOn="true"
57-->src/main/AndroidManifest.xml:43:13-40
58            android:windowSoftInputMode="adjustResize" >
58-->src/main/AndroidManifest.xml:46:13-55
59
60            <!--
61                 Specifies an Android theme to apply to this Activity as soon as
62                 the Android process has started. This theme is visible to the user
63                 while the Flutter UI initializes. After that, this theme continues
64                 to determine the Window background behind the Flutter UI.
65            -->
66            <meta-data
66-->src/main/AndroidManifest.xml:51:13-53:57
67                android:name="io.flutter.embedding.android.NormalTheme"
67-->src/main/AndroidManifest.xml:52:17-72
68                android:resource="@style/NormalTheme" />
68-->src/main/AndroidManifest.xml:53:17-54
69            <!--
70                 Displays an Android View that continues showing the launch screen
71                 Drawable until Flutter paints its first frame, then this splash
72                 screen fades out. A splash screen is useful to avoid any visual
73                 gap between the end of Android's launch screen and the painting of
74                 Flutter's first frame.
75            -->
76            <meta-data
76-->src/main/AndroidManifest.xml:59:13-61:66
77                android:name="io.flutter.embedding.android.SplashScreenDrawable"
77-->src/main/AndroidManifest.xml:60:17-81
78                android:resource="@drawable/launch_background" />
78-->src/main/AndroidManifest.xml:61:17-63
79
80            <intent-filter>
80-->src/main/AndroidManifest.xml:63:13-66:29
81                <action android:name="android.intent.action.MAIN" />
81-->src/main/AndroidManifest.xml:64:17-69
81-->src/main/AndroidManifest.xml:64:25-66
82
83                <category android:name="android.intent.category.LAUNCHER" />
83-->src/main/AndroidManifest.xml:65:17-77
83-->src/main/AndroidManifest.xml:65:27-74
84            </intent-filter>
85            <intent-filter>
85-->src/main/AndroidManifest.xml:69:13-72:29
86                <action android:name="FLUTTER_NOTIFICATION_CLICK" />
86-->src/main/AndroidManifest.xml:70:17-69
86-->src/main/AndroidManifest.xml:70:25-66
87
88                <category android:name="android.intent.category.DEFAULT" />
88-->src/main/AndroidManifest.xml:71:17-76
88-->src/main/AndroidManifest.xml:71:27-73
89            </intent-filter>
90        </activity>
91
92        <!--
93             Don't delete the meta-data below.
94             This is used by the Flutter tool to generate GeneratedPluginRegistrant.java
95        -->
96        <meta-data
96-->src/main/AndroidManifest.xml:77:9-79:33
97            android:name="flutterEmbedding"
97-->src/main/AndroidManifest.xml:78:13-44
98            android:value="2" />
98-->src/main/AndroidManifest.xml:79:13-30
99        <meta-data
99-->src/main/AndroidManifest.xml:81:9-83:55
100            android:name="com.facebook.sdk.ApplicationId"
100-->src/main/AndroidManifest.xml:82:13-58
101            android:value="@string/facebook_app_id" />
101-->src/main/AndroidManifest.xml:83:13-52
102
103        <activity
103-->src/main/AndroidManifest.xml:85:9-88:48
104            android:name="com.facebook.FacebookActivity"
104-->src/main/AndroidManifest.xml:86:13-57
105            android:configChanges="keyboard|keyboardHidden|screenLayout|screenSize|orientation"
105-->src/main/AndroidManifest.xml:87:13-96
106            android:label="@string/app_name" />
106-->src/main/AndroidManifest.xml:88:13-45
107        <activity
107-->src/main/AndroidManifest.xml:90:9-101:20
108            android:name="com.facebook.CustomTabActivity"
108-->src/main/AndroidManifest.xml:91:13-58
109            android:exported="true" >
109-->src/main/AndroidManifest.xml:92:13-36
110            <intent-filter>
110-->src/main/AndroidManifest.xml:93:13-100:29
111                <action android:name="android.intent.action.VIEW" />
111-->src/main/AndroidManifest.xml:94:17-69
111-->src/main/AndroidManifest.xml:94:25-66
112
113                <category android:name="android.intent.category.DEFAULT" />
113-->src/main/AndroidManifest.xml:71:17-76
113-->src/main/AndroidManifest.xml:71:27-73
114                <category android:name="android.intent.category.BROWSABLE" />
114-->src/main/AndroidManifest.xml:97:17-78
114-->src/main/AndroidManifest.xml:97:27-75
115
116                <data android:scheme="@string/fb_login_protocol_scheme" />
116-->src/main/AndroidManifest.xml:99:17-75
116-->src/main/AndroidManifest.xml:99:23-72
117            </intent-filter>
118        </activity>
119
120        <receiver android:name="com.dexterous.flutterlocalnotifications.ScheduledNotificationReceiver" />
120-->[:flutter_local_notifications] AndroidManifest.xml:12:9-106
120-->[:flutter_local_notifications] AndroidManifest.xml:12:19-103
121        <receiver android:name="com.dexterous.flutterlocalnotifications.ScheduledNotificationBootReceiver" >
121-->[:flutter_local_notifications] AndroidManifest.xml:13:9-20:20
121-->[:flutter_local_notifications] AndroidManifest.xml:13:19-107
122            <intent-filter>
122-->[:flutter_local_notifications] AndroidManifest.xml:14:13-19:29
123                <action android:name="android.intent.action.BOOT_COMPLETED" />
123-->[:flutter_local_notifications] AndroidManifest.xml:15:17-79
123-->[:flutter_local_notifications] AndroidManifest.xml:15:25-76
124                <action android:name="android.intent.action.MY_PACKAGE_REPLACED" />
124-->[:flutter_local_notifications] AndroidManifest.xml:16:17-84
124-->[:flutter_local_notifications] AndroidManifest.xml:16:25-81
125                <action android:name="android.intent.action.QUICKBOOT_POWERON" />
125-->[:flutter_local_notifications] AndroidManifest.xml:17:17-82
125-->[:flutter_local_notifications] AndroidManifest.xml:17:25-79
126                <action android:name="com.htc.intent.action.QUICKBOOT_POWERON" />
126-->[:flutter_local_notifications] AndroidManifest.xml:18:17-82
126-->[:flutter_local_notifications] AndroidManifest.xml:18:25-79
127            </intent-filter>
128        </receiver>
129
130        <provider
130-->[:flutter_webview_plugin] AndroidManifest.xml:9:9-18:20
131            android:name="androidx.core.content.FileProvider"
131-->[:flutter_webview_plugin] AndroidManifest.xml:10:13-62
132            android:authorities="com.bitsoft.youth.fileprovider"
132-->[:flutter_webview_plugin] AndroidManifest.xml:11:13-64
133            android:exported="false"
133-->[:flutter_webview_plugin] AndroidManifest.xml:12:13-37
134            android:grantUriPermissions="true" >
134-->[:flutter_webview_plugin] AndroidManifest.xml:13:13-47
135            <meta-data
135-->[:flutter_webview_plugin] AndroidManifest.xml:15:13-17:53
136                android:name="android.support.FILE_PROVIDER_PATHS"
136-->[:flutter_webview_plugin] AndroidManifest.xml:16:17-67
137                android:resource="@xml/filepaths" />
137-->[:flutter_webview_plugin] AndroidManifest.xml:17:17-50
138        </provider>
139
140        <activity
140-->[:url_launcher] AndroidManifest.xml:8:9-11:74
141            android:name="io.flutter.plugins.urllauncher.WebViewActivity"
141-->[:url_launcher] AndroidManifest.xml:9:13-74
142            android:exported="false"
142-->[:url_launcher] AndroidManifest.xml:10:13-37
143            android:theme="@android:style/Theme.NoTitleBar.Fullscreen" />
143-->[:url_launcher] AndroidManifest.xml:11:13-71
144
145        <service android:name="io.flutter.plugins.firebasemessaging.FlutterFirebaseMessagingService" >
145-->[:firebase_messaging] AndroidManifest.xml:8:9-12:19
145-->[:firebase_messaging] AndroidManifest.xml:8:18-101
146            <intent-filter>
146-->[:firebase_messaging] AndroidManifest.xml:9:13-11:29
147                <action android:name="com.google.firebase.MESSAGING_EVENT" />
147-->[:firebase_messaging] AndroidManifest.xml:10:17-78
147-->[:firebase_messaging] AndroidManifest.xml:10:25-75
148            </intent-filter>
149        </service>
150        <service
150-->[:firebase_messaging] AndroidManifest.xml:13:9-17:19
151            android:name="com.google.firebase.components.ComponentDiscoveryService"
151-->[:firebase_messaging] AndroidManifest.xml:13:18-89
152            android:directBootAware="true"
152-->[com.google.firebase:firebase-common:19.3.0] AndroidManifest.xml:34:13-43
153            android:exported="false" >
153-->[com.google.firebase:firebase-messaging:21.0.0] AndroidManifest.xml:38:13-37
154            <meta-data
154-->[:firebase_messaging] AndroidManifest.xml:14:13-16:85
155                android:name="com.google.firebase.components:io.flutter.plugins.firebasemessaging.FlutterFirebaseAppRegistrar"
155-->[:firebase_messaging] AndroidManifest.xml:15:17-127
156                android:value="com.google.firebase.components.ComponentRegistrar" />
156-->[:firebase_messaging] AndroidManifest.xml:16:17-82
157            <meta-data
157-->[com.google.firebase:firebase-messaging:21.0.0] AndroidManifest.xml:39:13-41:85
158                android:name="com.google.firebase.components:com.google.firebase.messaging.FirebaseMessagingRegistrar"
158-->[com.google.firebase:firebase-messaging:21.0.0] AndroidManifest.xml:40:17-119
159                android:value="com.google.firebase.components.ComponentRegistrar" />
159-->[com.google.firebase:firebase-messaging:21.0.0] AndroidManifest.xml:41:17-82
160            <meta-data
160-->[com.google.firebase:firebase-datatransport:17.0.3] AndroidManifest.xml:28:13-30:85
161                android:name="com.google.firebase.components:com.google.firebase.datatransport.TransportRegistrar"
161-->[com.google.firebase:firebase-datatransport:17.0.3] AndroidManifest.xml:29:17-115
162                android:value="com.google.firebase.components.ComponentRegistrar" />
162-->[com.google.firebase:firebase-datatransport:17.0.3] AndroidManifest.xml:30:17-82
163            <meta-data
163-->[com.google.firebase:firebase-iid:21.0.0] AndroidManifest.xml:32:13-34:85
164                android:name="com.google.firebase.components:com.google.firebase.iid.Registrar"
164-->[com.google.firebase:firebase-iid:21.0.0] AndroidManifest.xml:33:17-96
165                android:value="com.google.firebase.components.ComponentRegistrar" />
165-->[com.google.firebase:firebase-iid:21.0.0] AndroidManifest.xml:34:17-82
166            <meta-data
166-->[com.google.firebase:firebase-installations:16.3.3] AndroidManifest.xml:17:13-19:85
167                android:name="com.google.firebase.components:com.google.firebase.installations.FirebaseInstallationsRegistrar"
167-->[com.google.firebase:firebase-installations:16.3.3] AndroidManifest.xml:18:17-127
168                android:value="com.google.firebase.components.ComponentRegistrar" />
168-->[com.google.firebase:firebase-installations:16.3.3] AndroidManifest.xml:19:17-82
169        </service>
170        <!--
171             FirebaseMessagingService performs security checks at runtime,
172             but set to not exported to explicitly avoid allowing another app to call it.
173        -->
174        <service
174-->[com.google.firebase:firebase-messaging:21.0.0] AndroidManifest.xml:28:9-35:19
175            android:name="com.google.firebase.messaging.FirebaseMessagingService"
175-->[com.google.firebase:firebase-messaging:21.0.0] AndroidManifest.xml:29:13-82
176            android:directBootAware="true"
176-->[com.google.firebase:firebase-messaging:21.0.0] AndroidManifest.xml:30:13-43
177            android:exported="false" >
177-->[com.google.firebase:firebase-messaging:21.0.0] AndroidManifest.xml:31:13-37
178            <intent-filter android:priority="-500" >
178-->[:firebase_messaging] AndroidManifest.xml:9:13-11:29
179                <action android:name="com.google.firebase.MESSAGING_EVENT" />
179-->[:firebase_messaging] AndroidManifest.xml:10:17-78
179-->[:firebase_messaging] AndroidManifest.xml:10:25-75
180            </intent-filter>
181        </service>
182
183        <activity
183-->[androidx.biometric:biometric:1.0.0-beta01] AndroidManifest.xml:28:9-30:67
184            android:name="androidx.biometric.DeviceCredentialHandlerActivity"
184-->[androidx.biometric:biometric:1.0.0-beta01] AndroidManifest.xml:29:13-78
185            android:theme="@style/DeviceCredentialHandlerTheme" />
185-->[androidx.biometric:biometric:1.0.0-beta01] AndroidManifest.xml:30:13-64
186
187        <receiver
187-->[com.google.firebase:firebase-iid:21.0.0] AndroidManifest.xml:37:9-44:20
188            android:name="com.google.firebase.iid.FirebaseInstanceIdReceiver"
188-->[com.google.firebase:firebase-iid:21.0.0] AndroidManifest.xml:38:13-78
189            android:exported="true"
189-->[com.google.firebase:firebase-iid:21.0.0] AndroidManifest.xml:39:13-36
190            android:permission="com.google.android.c2dm.permission.SEND" >
190-->[com.google.firebase:firebase-iid:21.0.0] AndroidManifest.xml:40:13-73
191            <intent-filter>
191-->[com.google.firebase:firebase-iid:21.0.0] AndroidManifest.xml:41:13-43:29
192                <action android:name="com.google.android.c2dm.intent.RECEIVE" />
192-->[com.google.firebase:firebase-iid:21.0.0] AndroidManifest.xml:42:17-81
192-->[com.google.firebase:firebase-iid:21.0.0] AndroidManifest.xml:42:25-78
193            </intent-filter>
194        </receiver>
195
196        <provider
196-->[com.google.firebase:firebase-common:19.3.0] AndroidManifest.xml:26:9-30:39
197            android:name="com.google.firebase.provider.FirebaseInitProvider"
197-->[com.google.firebase:firebase-common:19.3.0] AndroidManifest.xml:27:13-77
198            android:authorities="com.bitsoft.youth.firebaseinitprovider"
198-->[com.google.firebase:firebase-common:19.3.0] AndroidManifest.xml:28:13-72
199            android:exported="false"
199-->[com.google.firebase:firebase-common:19.3.0] AndroidManifest.xml:29:13-37
200            android:initOrder="100" />
200-->[com.google.firebase:firebase-common:19.3.0] AndroidManifest.xml:30:13-36
201
202        <activity
202-->[com.google.android.gms:play-services-base:17.0.0] AndroidManifest.xml:23:9-26:75
203            android:name="com.google.android.gms.common.api.GoogleApiActivity"
203-->[com.google.android.gms:play-services-base:17.0.0] AndroidManifest.xml:24:13-79
204            android:exported="false"
204-->[com.google.android.gms:play-services-base:17.0.0] AndroidManifest.xml:25:13-37
205            android:theme="@android:style/Theme.Translucent.NoTitleBar" />
205-->[com.google.android.gms:play-services-base:17.0.0] AndroidManifest.xml:26:13-72
206
207        <meta-data
207-->[com.google.android.gms:play-services-basement:17.0.0] AndroidManifest.xml:23:9-25:69
208            android:name="com.google.android.gms.version"
208-->[com.google.android.gms:play-services-basement:17.0.0] AndroidManifest.xml:24:13-58
209            android:value="@integer/google_play_services_version" />
209-->[com.google.android.gms:play-services-basement:17.0.0] AndroidManifest.xml:25:13-66
210
211        <service
211-->[com.google.android.datatransport:transport-backend-cct:2.2.0] AndroidManifest.xml:29:9-35:19
212            android:name="com.google.android.datatransport.runtime.backends.TransportBackendDiscovery"
212-->[com.google.android.datatransport:transport-backend-cct:2.2.0] AndroidManifest.xml:30:13-103
213            android:exported="false" >
213-->[com.google.android.datatransport:transport-backend-cct:2.2.0] AndroidManifest.xml:31:13-37
214            <meta-data
214-->[com.google.android.datatransport:transport-backend-cct:2.2.0] AndroidManifest.xml:32:13-34:39
215                android:name="backend:com.google.android.datatransport.cct.CctBackendFactory"
215-->[com.google.android.datatransport:transport-backend-cct:2.2.0] AndroidManifest.xml:33:17-94
216                android:value="cct" />
216-->[com.google.android.datatransport:transport-backend-cct:2.2.0] AndroidManifest.xml:34:17-36
217        </service>
218        <service
218-->[com.google.android.datatransport:transport-runtime:2.2.0] AndroidManifest.xml:26:9-30:19
219            android:name="com.google.android.datatransport.runtime.scheduling.jobscheduling.JobInfoSchedulerService"
219-->[com.google.android.datatransport:transport-runtime:2.2.0] AndroidManifest.xml:27:13-117
220            android:exported="false"
220-->[com.google.android.datatransport:transport-runtime:2.2.0] AndroidManifest.xml:28:13-37
221            android:permission="android.permission.BIND_JOB_SERVICE" >
221-->[com.google.android.datatransport:transport-runtime:2.2.0] AndroidManifest.xml:29:13-69
222        </service>
223
224        <receiver
224-->[com.google.android.datatransport:transport-runtime:2.2.0] AndroidManifest.xml:32:9-34:40
225            android:name="com.google.android.datatransport.runtime.scheduling.jobscheduling.AlarmManagerSchedulerBroadcastReceiver"
225-->[com.google.android.datatransport:transport-runtime:2.2.0] AndroidManifest.xml:33:13-132
226            android:exported="false" />
226-->[com.google.android.datatransport:transport-runtime:2.2.0] AndroidManifest.xml:34:13-37
227    </application>
228
229</manifest>